# JRE version: Java(TM) SE Runtime Environment (8.0_152-b16) (build 1.8.0_152-b16)
# Java VM: Java HotSpot(TM) 64-Bit Server VM (25.152-b16 mixed mode windows-amd64 compressed oops)
Heap:
 PSYoungGen      total 272896K, used 1747K [0x000000076b400000, 0x0000000787500000, 0x00000007c0000000)
  eden space 262144K, 0% used [0x000000076b400000,0x000000076b5b4ee0,0x000000077b400000)
  from space 10752K, 0% used [0x000000077b400000,0x000000077b400000,0x000000077be80000)
  to   space 15360K, 0% used [0x0000000786600000,0x0000000786600000,0x0000000787500000)
 ParOldGen       total 111616K, used 16822K [0x00000006c1c00000, 0x00000006c8900000, 0x000000076b400000)
  object space 111616K, 15% used [0x00000006c1c00000,0x00000006c2c6db08,0x00000006c8900000)
 Metaspace       used 35019K, capacity 36172K, committed 36432K, reserved 1081344K
  class space    used 4492K, capacity 4750K, committed 4864K, reserved 1048576K
GC Heap History (10 events):
Event: 1.240 GC heap before
{Heap before GC invocations=3 (full 0):
 PSYoungGen      total 141824K, used 13141K [0x000000076b400000, 0x0000000774900000, 0x00000007c0000000)
  eden space 131072K, 2% used [0x000000076b400000,0x000000076b74c750,0x0000000773400000)
  from space 10752K, 90% used [0x0000000773e80000,0x0000000774809040,0x0000000774900000)
  to   space 10752K, 0% used [0x0000000773400000,0x0000000773400000,0x0000000773e80000)
 ParOldGen       total 175104K, used 88K [0x00000006c1c00000, 0x00000006cc700000, 0x000000076b400000)
  object space 175104K, 0% used [0x00000006c1c00000,0x00000006c1c16010,0x00000006cc700000)
 Metaspace       used 20874K, capacity 21466K, committed 21628K, reserved 1069056K
  class space    used 2737K, capacity 2895K, committed 2944K, reserved 1048576K
Event: 1.246 GC heap after
Heap after GC invocations=3 (full 0):
 PSYoungGen      total 141824K, used 5430K [0x000000076b400000, 0x000000077c900000, 0x00000007c0000000)
  eden space 131072K, 0% used [0x000000076b400000,0x000000076b400000,0x0000000773400000)
  from space 10752K, 50% used [0x0000000773400000,0x000000077394da28,0x0000000773e80000)
  to   space 10752K, 0% used [0x000000077be80000,0x000000077be80000,0x000000077c900000)
 ParOldGen       total 175104K, used 88K [0x00000006c1c00000, 0x00000006cc700000, 0x000000076b400000)
  object space 175104K, 0% used [0x00000006c1c00000,0x00000006c1c16010,0x00000006cc700000)
 Metaspace       used 20874K, capacity 21466K, committed 21628K, reserved 1069056K
  class space    used 2737K, capacity 2895K, committed 2944K, reserved 1048576K
}
Event: 1.246 GC heap before
{Heap before GC invocations=4 (full 1):
 PSYoungGen      total 141824K, used 5430K [0x000000076b400000, 0x000000077c900000, 0x00000007c0000000)
  eden space 131072K, 0% used [0x000000076b400000,0x000000076b400000,0x0000000773400000)
  from space 10752K, 50% used [0x0000000773400000,0x000000077394da28,0x0000000773e80000)
  to   space 10752K, 0% used [0x000000077be80000,0x000000077be80000,0x000000077c900000)
 ParOldGen       total 175104K, used 88K [0x00000006c1c00000, 0x00000006cc700000, 0x000000076b400000)
  object space 175104K, 0% used [0x00000006c1c00000,0x00000006c1c16010,0x00000006cc700000)
 Metaspace       used 20874K, capacity 21466K, committed 21628K, reserved 1069056K
  class space    used 2737K, capacity 2895K, committed 2944K, reserved 1048576K
Event: 1.274 GC heap after
Heap after GC invocations=4 (full 1):
 PSYoungGen      total 141824K, used 0K [0x000000076b400000, 0x000000077c900000, 0x00000007c0000000)
  eden space 131072K, 0% used [0x000000076b400000,0x000000076b400000,0x0000000773400000)
  from space 10752K, 0% used [0x0000000773400000,0x0000000773400000,0x0000000773e80000)
  to   space 10752K, 0% used [0x000000077be80000,0x000000077be80000,0x000000077c900000)
 ParOldGen       total 80384K, used 5350K [0x00000006c1c00000, 0x00000006c6a80000, 0x000000076b400000)
  object space 80384K, 6% used [0x00000006c1c00000,0x00000006c2139830,0x00000006c6a80000)
 Metaspace       used 20874K, capacity 21466K, committed 21628K, reserved 1069056K
  class space    used 2737K, capacity 2895K, committed 2944K, reserved 1048576K
}
Event: 2.233 GC heap before
{Heap before GC invocations=5 (full 1):
 PSYoungGen      total 141824K, used 131072K [0x000000076b400000, 0x000000077c900000, 0x00000007c0000000)
  eden space 131072K, 100% used [0x000000076b400000,0x0000000773400000,0x0000000773400000)
  from space 10752K, 0% used [0x0000000773400000,0x0000000773400000,0x0000000773e80000)
  to   space 10752K, 0% used [0x000000077be80000,0x000000077be80000,0x000000077c900000)
 ParOldGen       total 80384K, used 5350K [0x00000006c1c00000, 0x00000006c6a80000, 0x000000076b400000)
  object space 80384K, 6% used [0x00000006c1c00000,0x00000006c2139830,0x00000006c6a80000)
 Metaspace       used 30653K, capacity 31670K, committed 31996K, reserved 1077248K
  class space    used 4055K, capacity 4259K, committed 4352K, reserved 1048576K
Event: 2.242 GC heap after
Heap after GC invocations=5 (full 1):
 PSYoungGen      total 250368K, used 10722K [0x000000076b400000, 0x000000077c900000, 0x00000007c0000000)
  eden space 239616K, 0% used [0x000000076b400000,0x000000076b400000,0x0000000779e00000)
  from space 10752K, 99% used [0x000000077be80000,0x000000077c8f8b38,0x000000077c900000)
  to   space 10752K, 0% used [0x000000077b400000,0x000000077b400000,0x000000077be80000)
 ParOldGen       total 80384K, used 8102K [0x00000006c1c00000, 0x00000006c6a80000, 0x000000076b400000)
  object space 80384K, 10% used [0x00000006c1c00000,0x00000006c23e99e0,0x00000006c6a80000)
 Metaspace       used 30653K, capacity 31670K, committed 31996K, reserved 1077248K
  class space    used 4055K, capacity 4259K, committed 4352K, reserved 1048576K
}
Event: 2.766 GC heap before
{Heap before GC invocations=6 (full 1):
 PSYoungGen      total 250368K, used 82941K [0x000000076b400000, 0x000000077c900000, 0x00000007c0000000)
  eden space 239616K, 30% used [0x000000076b400000,0x000000076fa86900,0x0000000779e00000)
  from space 10752K, 99% used [0x000000077be80000,0x000000077c8f8b38,0x000000077c900000)
  to   space 10752K, 0% used [0x000000077b400000,0x000000077b400000,0x000000077be80000)
 ParOldGen       total 80384K, used 8102K [0x00000006c1c00000, 0x00000006c6a80000, 0x000000076b400000)
  object space 80384K, 10% used [0x00000006c1c00000,0x00000006c23e99e0,0x00000006c6a80000)
 Metaspace       used 34873K, capacity 36012K, committed 36048K, reserved 1081344K
  class space    used 4472K, capacity 4718K, committed 4736K, reserved 1048576K
Event: 2.776 GC heap after
Heap after GC invocations=6 (full 1):
 PSYoungGen      total 272896K, used 10743K [0x000000076b400000, 0x0000000787500000, 0x00000007c0000000)
  eden space 262144K, 0% used [0x000000076b400000,0x000000076b400000,0x000000077b400000)
  from space 10752K, 99% used [0x000000077b400000,0x000000077be7df90,0x000000077be80000)
  to   space 15360K, 0% used [0x0000000786600000,0x0000000786600000,0x0000000787500000)
 ParOldGen       total 80384K, used 9338K [0x00000006c1c00000, 0x00000006c6a80000, 0x000000076b400000)
  object space 80384K, 11% used [0x00000006c1c00000,0x00000006c251e858,0x00000006c6a80000)
 Metaspace       used 34873K, capacity 36012K, committed 36048K, reserved 1081344K
  class space    used 4472K, capacity 4718K, committed 4736K, reserved 1048576K
}
Event: 2.776 GC heap before
{Heap before GC invocations=7 (full 2):
 PSYoungGen      total 272896K, used 10743K [0x000000076b400000, 0x0000000787500000, 0x00000007c0000000)
  eden space 262144K, 0% used [0x000000076b400000,0x000000076b400000,0x000000077b400000)
  from space 10752K, 99% used [0x000000077b400000,0x000000077be7df90,0x000000077be80000)
  to   space 15360K, 0% used [0x0000000786600000,0x0000000786600000,0x0000000787500000)
 ParOldGen       total 80384K, used 9338K [0x00000006c1c00000, 0x00000006c6a80000, 0x000000076b400000)
  object space 80384K, 11% used [0x00000006c1c00000,0x00000006c251e858,0x00000006c6a80000)
 Metaspace       used 34873K, capacity 36012K, committed 36048K, reserved 1081344K
  class space    used 4472K, capacity 4718K, committed 4736K, reserved 1048576K
Event: 2.818 GC heap after
Heap after GC invocations=7 (full 2):
 PSYoungGen      total 272896K, used 0K [0x000000076b400000, 0x0000000787500000, 0x00000007c0000000)
  eden space 262144K, 0% used [0x000000076b400000,0x000000076b400000,0x000000077b400000)
  from space 10752K, 0% used [0x000000077b400000,0x000000077b400000,0x000000077be80000)
  to   space 15360K, 0% used [0x0000000786600000,0x0000000786600000,0x0000000787500000)
 ParOldGen       total 111616K, used 16822K [0x00000006c1c00000, 0x00000006c8900000, 0x000000076b400000)
  object space 111616K, 15% used [0x00000006c1c00000,0x00000006c2c6db08,0x00000006c8900000)
 Metaspace       used 34873K, capacity 36012K, committed 36048K, reserved 1081344K
  class space    used 4472K, capacity 4718K, committed 4736K, reserved 1048576K
}

